2024-01-12 07:09:41: == Sync Started by User Command
2024-01-12 07:09:41: ConnectCloned connected to file:///H:/der_sol
2024-01-12 07:09:41: ConnectCloned connected to file:///H:/der_sol
2024-01-12 07:09:41: ConnectCloned connected to file:///H:/der_sol
2024-01-12 07:09:41: ConnectCloned connected to file:///C:/Users/roadn/OneDrive/Python_bakup/der_sol
2024-01-12 07:09:41: ConnectCloned connected to file:///C:/Users/roadn/OneDrive/Python_bakup/der_sol
2024-01-12 07:09:41: ConnectCloned connected to file:///C:/Users/roadn/OneDrive/Python_bakup/der_sol
2024-01-12 07:09:41: Création du dossier C:/Users/roadn/OneDrive/Python_bakup/der_sol/01_Arch_der_sol/Suggest_page_web
2024-01-12 07:09:41: Nouvelle Copie 'H:/der_sol/01_Arch_der_sol/WebGL liquid masking.url' -> 'C:/Users/roadn/OneDrive/Python_bakup/der_sol/01_Arch_der_sol/WebGL liquid masking.url' (65)
2024-01-12 07:09:41: Nouvelle Copie 'H:/der_sol/01_Arch_der_sol/Suggest_page_web/01 Suggestion page web pour le poème Nos aînés, nos oubliés .docx' -> 'C:/Users/roadn/OneDrive/Python_bakup/der_sol/01_Arch_der_sol/Suggest_page_web/01 Suggestion page web pour le poème Nos aînés, nos oubliés .docx' (13,922)
2024-01-12 07:09:41: Nouvelle Copie 'H:/der_sol/01_Arch_der_sol/Suggest_page_web/01 Suggestion page web pour le poème Nos aînés, nos oubliés .pdf' -> 'C:/Users/roadn/OneDrive/Python_bakup/der_sol/01_Arch_der_sol/Suggest_page_web/01 Suggestion page web pour le poème Nos aînés, nos oubliés .pdf' (77,127)
2024-01-12 07:09:41: Nouvelle Copie 'H:/der_sol/artik/static/artik/css/style.css' -> 'C:/Users/roadn/OneDrive/Python_bakup/der_sol/artik/static/artik/css/style.css' (2,057)
2024-01-12 07:09:41: > Nouvelle Copie 'H:/der_sol/artik/static/artik/img/ainé_assis_sur_lit.png' -> 'C:/Users/roadn/OneDrive/Python_bakup/der_sol/artik/static/artik/img/ainé_assis_sur_lit.png' (1,198,946)
2024-01-12 07:09:41: Nouvelle Copie 'H:/der_sol/artik/static/artik/img/5f886aed-cb7c-4353-b19d-1b6ccbb2bd9c.webp' -> 'C:/Users/roadn/OneDrive/Python_bakup/der_sol/artik/static/artik/img/5f886aed-cb7c-4353-b19d-1b6ccbb2bd9c.webp' (138,146)
2024-01-12 07:09:41: < Nouvelle Copie 'H:/der_sol/artik/static/artik/img/ainé_assis_sur_lit.png' -> 'C:/Users/roadn/OneDrive/Python_bakup/der_sol/artik/static/artik/img/ainé_assis_sur_lit.png' (1,198,946)
2024-01-12 07:09:41: Nouvelle Copie 'H:/der_sol/artik/static/artik/img/ainé_assis_sur_lit_01.png' -> 'C:/Users/roadn/OneDrive/Python_bakup/der_sol/artik/static/artik/img/ainé_assis_sur_lit_01.png' (948,810)
2024-01-12 07:09:41: Nouvelle Copie 'H:/der_sol/artik/static/artik/img/ainé_assis_sur_lit.webp' -> 'C:/Users/roadn/OneDrive/Python_bakup/der_sol/artik/static/artik/img/ainé_assis_sur_lit.webp' (168,410)
2024-01-12 07:09:41: Nouvelle Copie 'H:/der_sol/artik/static/artik/img/bandeau_01.png' -> 'C:/Users/roadn/OneDrive/Python_bakup/der_sol/artik/static/artik/img/bandeau_01.png' (106,348)
2024-01-12 07:09:41: > Nouvelle Copie 'H:/der_sol/artik/static/artik/img/book_flowers.png' -> 'C:/Users/roadn/OneDrive/Python_bakup/der_sol/artik/static/artik/img/book_flowers.png' (1,800,066)
2024-01-12 07:09:41: Nouvelle Copie 'H:/der_sol/artik/static/artik/img/ainé_lit_banc.webp' -> 'C:/Users/roadn/OneDrive/Python_bakup/der_sol/artik/static/artik/img/ainé_lit_banc.webp' (118,198)
2024-01-12 07:09:41: > Nouvelle Copie 'H:/der_sol/artik/static/artik/img/Foret-a.png' -> 'C:/Users/roadn/OneDrive/Python_bakup/der_sol/artik/static/artik/img/Foret-a.png' (4,060,142)
2024-01-12 07:09:41: < Nouvelle Copie 'H:/der_sol/artik/static/artik/img/book_flowers.png' -> 'C:/Users/roadn/OneDrive/Python_bakup/der_sol/artik/static/artik/img/book_flowers.png' (1,800,066)
2024-01-12 07:09:41: > Nouvelle Copie 'H:/der_sol/artik/static/artik/img/main_eau_01.png' -> 'C:/Users/roadn/OneDrive/Python_bakup/der_sol/artik/static/artik/img/main_eau_01.png' (1,382,113)
2024-01-12 07:09:41: < Nouvelle Copie 'H:/der_sol/artik/static/artik/img/Foret-a.png' -> 'C:/Users/roadn/OneDrive/Python_bakup/der_sol/artik/static/artik/img/Foret-a.png' (4,060,142)
2024-01-12 07:09:41: > Nouvelle Copie 'H:/der_sol/artik/static/artik/img/main_eau_02.png' -> 'C:/Users/roadn/OneDrive/Python_bakup/der_sol/artik/static/artik/img/main_eau_02.png' (1,227,495)
2024-01-12 07:09:41: < Nouvelle Copie 'H:/der_sol/artik/static/artik/img/main_eau_01.png' -> 'C:/Users/roadn/OneDrive/Python_bakup/der_sol/artik/static/artik/img/main_eau_01.png' (1,382,113)
2024-01-12 07:09:41: < Nouvelle Copie 'H:/der_sol/artik/static/artik/img/main_eau_02.png' -> 'C:/Users/roadn/OneDrive/Python_bakup/der_sol/artik/static/artik/img/main_eau_02.png' (1,227,495)
2024-01-12 07:09:41: Nouvelle Copie 'H:/der_sol/artik/static/artik/css/style_a.css' -> 'C:/Users/roadn/OneDrive/Python_bakup/der_sol/artik/static/artik/css/style_a.css' (2,192)
2024-01-12 07:09:41: Nouvelle Copie 'H:/der_sol/01_Arch_der_sol/Suggest_page_web/02 Plan de la Page Web pour Nos aînés, nos oubliés.docx' -> 'C:/Users/roadn/OneDrive/Python_bakup/der_sol/01_Arch_der_sol/Suggest_page_web/02 Plan de la Page Web pour Nos aînés, nos oubliés.docx' (14,379)
2024-01-12 07:09:41: Nouvelle Copie 'H:/der_sol/01_Arch_der_sol/Suggest_page_web/02 Plan de la Page Web pour Nos aînés, nos oubliés.pdf' -> 'C:/Users/roadn/OneDrive/Python_bakup/der_sol/01_Arch_der_sol/Suggest_page_web/02 Plan de la Page Web pour Nos aînés, nos oubliés.pdf' (86,146)
2024-01-12 07:09:41: Nouvelle Copie 'H:/der_sol/01_Arch_der_sol/Suggest_page_web/03 structure de base en HTML pour la page web du poème Nos aînés, nos oubliés.docx' -> 'C:/Users/roadn/OneDrive/Python_bakup/der_sol/01_Arch_der_sol/Suggest_page_web/03 structure de base en HTML pour la page web du poème Nos aînés, nos oubliés.docx' (14,293)
2024-01-12 07:09:41: Nouvelle Copie 'H:/der_sol/01_Arch_der_sol/Suggest_page_web/03 Structure de base en HTML pour la page web du poème Nos aînés, nos oubliés.pdf' -> 'C:/Users/roadn/OneDrive/Python_bakup/der_sol/01_Arch_der_sol/Suggest_page_web/03 Structure de base en HTML pour la page web du poème Nos aînés, nos oubliés.pdf' (83,726)
2024-01-12 07:09:41: Ecrasement 'H:/der_sol/.idea/workspace.xml' -> 'C:/Users/roadn/OneDrive/Python_bakup/der_sol/.idea/workspace.xml' (12,331)
2024-01-12 07:09:41: Close Modified Folder (mod-time, acl): /artik/static/artik/img
2024-01-12 07:09:41: Close Modified Folder (mod-time, acl): /artik/static/artik/css
2024-01-12 07:09:41: Nouvelle Copie 'H:/der_sol/01_Arch_der_sol/Suggest_page_web/~$ Plan de la Page Web pour Nos aînés, nos oubliés.docx' -> 'C:/Users/roadn/OneDrive/Python_bakup/der_sol/01_Arch_der_sol/Suggest_page_web/~$ Plan de la Page Web pour Nos aînés, nos oubliés.docx' (162)
2024-01-12 07:09:41: Close Modified Folder (mod-time, acl): /.idea
2024-01-12 07:09:41: Nouvelle Copie 'H:/der_sol/01_Arch_der_sol/Suggest_page_web/~$ structure de base en HTML pour la page web du poème Nos aînés, nos oubliés.docx' -> 'C:/Users/roadn/OneDrive/Python_bakup/der_sol/01_Arch_der_sol/Suggest_page_web/~$ structure de base en HTML pour la page web du poème Nos aînés, nos oubliés.docx' (162)
2024-01-12 07:09:41: Ecrasement 'H:/der_sol/artik/templates/artik/base.html' -> 'C:/Users/roadn/OneDrive/Python_bakup/der_sol/artik/templates/artik/base.html' (4,489)
2024-01-12 07:09:41: Ecrasement 'H:/der_sol/artik/templates/artik/index.html' -> 'C:/Users/roadn/OneDrive/Python_bakup/der_sol/artik/templates/artik/index.html' (3,795)
2024-01-12 07:09:42: Close Modified Folder (mod-time, acl): /01_Arch_der_sol/Suggest_page_web
2024-01-12 07:09:42: Close Modified Folder (mod-time, acl): /artik/templates/artik
2024-01-12 07:09:42: Close Modified Folder (mod-time, acl): /01_Arch_der_sol
2024-01-12 07:09:42: Sauvegarde du fichier d'état H:/der_sol/_gsdata_/_file_state_v4._gs
2024-01-12 07:09:42: Sauvegarde du fichier d'état C:/Users/roadn/OneDrive/Python_bakup/der_sol/_gsdata_/_file_state_v4._gs
2024-01-12 07:09:44: == Sync Complete. Time: 00:00:03, Speed: 0.00/s, Elements synchronisés : 25, Erreurs : 0
